<?xml version="1.0" encoding="utf-8"?><testsuites name="pytest tests"><testsuite name="pytest" errors="0" failures="3" skipped="4" tests="8" time="1.379" timestamp="2026-01-25T09:02:05.341947+00:00" hostname="agent-env-4e628b70-3945-4745-bac3-74d2e16b34ba"><testcase classname="backend.tests.test_orders.TestOrderEndpoints" name="test_get_orders_empty" time="0.409"><failure message="AssertionError: Expected 200, got 401: {&quot;detail&quot;:&quot;Invalid authentication credentials&quot;}&#10;assert 401 == 200&#10; +  where 401 = &lt;Response [401]&gt;.status_code">backend/tests/test_orders.py:56: in test_get_orders_empty
    assert response.status_code == 200, f"Expected 200, got {response.status_code}: {response.text}"
E   AssertionError: Expected 200, got 401: {"detail":"Invalid authentication credentials"}
E   assert 401 == 200
E    +  where 401 = &lt;Response [401]&gt;.status_code</failure></testcase><testcase classname="backend.tests.test_orders.TestOrderEndpoints" name="test_get_orders_unauthorized" time="0.041" /><testcase classname="backend.tests.test_orders.TestOrderEndpoints" name="test_get_order_not_found" time="0.039"><failure message="AssertionError: Expected 404, got 401&#10;assert 401 == 404&#10; +  where 401 = &lt;Response [401]&gt;.status_code">backend/tests/test_orders.py:75: in test_get_order_not_found
    assert response.status_code == 404, f"Expected 404, got {response.status_code}"
E   AssertionError: Expected 404, got 401
E   assert 401 == 404
E    +  where 401 = &lt;Response [401]&gt;.status_code</failure></testcase><testcase classname="backend.tests.test_orders.TestOrderEndpoints" name="test_create_order_empty_cart" time="0.036"><failure message="AssertionError: Expected 400, got 401&#10;assert 401 == 400&#10; +  where 401 = &lt;Response [401]&gt;.status_code">backend/tests/test_orders.py:85: in test_create_order_empty_cart
    assert response.status_code == 400, f"Expected 400, got {response.status_code}"
E   AssertionError: Expected 400, got 401
E   assert 401 == 400
E    +  where 401 = &lt;Response [401]&gt;.status_code</failure></testcase><testcase classname="backend.tests.test_orders.TestFullOrderFlow" name="test_get_orders_list" time="0.380"><skipped type="pytest.skip" message="Failed to add item to cart: {&quot;detail&quot;:&quot;Invalid authentication credentials&quot;}">/app/backend/tests/test_orders.py:164: Failed to add item to cart: {"detail":"Invalid authentication credentials"}</skipped></testcase><testcase classname="backend.tests.test_orders.TestFullOrderFlow" name="test_get_order_details" time="0.000"><skipped type="pytest.skip" message="Failed to add item to cart: {&quot;detail&quot;:&quot;Invalid authentication credentials&quot;}">/app/backend/tests/test_orders.py:186: Failed to add item to cart: {"detail":"Invalid authentication credentials"}</skipped></testcase><testcase classname="backend.tests.test_orders.TestFullOrderFlow" name="test_order_status_values" time="0.000"><skipped type="pytest.skip" message="Failed to add item to cart: {&quot;detail&quot;:&quot;Invalid authentication credentials&quot;}">/app/backend/tests/test_orders.py:229: Failed to add item to cart: {"detail":"Invalid authentication credentials"}</skipped></testcase><testcase classname="backend.tests.test_orders.TestOrderSecurity" name="test_cannot_access_other_user_order" time="0.383"><skipped type="pytest.skip" message="Failed to create order">/app/backend/tests/test_orders.py:284: Failed to create order</skipped></testcase></testsuite></testsuites>