<?xml version="1.0" encoding="utf-8"?><testsuites name="pytest tests"><testsuite name="pytest" errors="0" failures="2" skipped="12" tests="20" time="7.327" timestamp="2026-02-01T22:36:33.595263+00:00" hostname="agent-env-abbab375-54b2-4ebe-85b2-2f6216a7668f"><testcase classname="tests.test_driver_admin.TestAuthLogin" name="test_admin_login_success" time="0.339"><failure message="AssertionError: Admin login failed: {&quot;detail&quot;:&quot;Incorrect email or password&quot;}&#10;assert 401 == 200&#10; +  where 401 = &lt;Response [401]&gt;.status_code">tests/test_driver_admin.py:27: in test_admin_login_success
    assert response.status_code == 200, f"Admin login failed: {response.text}"
E   AssertionError: Admin login failed: {"detail":"Incorrect email or password"}
E   assert 401 == 200
E    +  where 401 = &lt;Response [401]&gt;.status_code</failure></testcase><testcase classname="tests.test_driver_admin.TestAuthLogin" name="test_driver_login_success" time="0.270" /><testcase classname="tests.test_driver_admin.TestAuthLogin" name="test_login_wrong_password" time="0.273" /><testcase classname="tests.test_driver_admin.TestDriverEndpoints" name="test_driver_stats_endpoint" time="0.594" /><testcase classname="tests.test_driver_admin.TestDriverEndpoints" name="test_driver_orders_endpoint" time="0.302" /><testcase classname="tests.test_driver_admin.TestDriverEndpoints" name="test_driver_failure_reasons_endpoint" time="0.303" /><testcase classname="tests.test_driver_admin.TestDriverEndpoints" name="test_driver_endpoint_unauthorized" time="0.038"><failure message="assert 403 in [401, 422]&#10; +  where 403 = &lt;Response [403]&gt;.status_code">tests/test_driver_admin.py:155: in test_driver_endpoint_unauthorized
    assert response.status_code in [401, 422]  # No auth header
    ^^^^^^^^^^^^^^^^^^^^^^^^^^^^^^^^^^^^^^^^^
E   assert 403 in [401, 422]
E    +  where 403 = &lt;Response [403]&gt;.status_code</failure></testcase><testcase classname="tests.test_driver_admin.TestDriverEndpoints" name="test_driver_endpoint_with_client_token" time="0.308" /><testcase classname="tests.test_driver_admin.TestAdminDriverEndpoints" name="test_admin_get_drivers" time="0.258"><skipped type="pytest.skip" message="Admin authentication failed">/app/backend/tests/test_driver_admin.py:181: Admin authentication failed</skipped></testcase><testcase classname="tests.test_driver_admin.TestAdminDriverEndpoints" name="test_admin_get_orders" time="0.263"><skipped type="pytest.skip" message="Admin authentication failed">/app/backend/tests/test_driver_admin.py:206: Admin authentication failed</skipped></testcase><testcase classname="tests.test_driver_admin.TestAdminDriverAssignment" name="test_assign_driver_to_order" time="0.257"><skipped type="pytest.skip" message="Admin authentication failed">/app/backend/tests/test_driver_admin.py:277: Admin authentication failed</skipped></testcase><testcase classname="tests.test_driver_admin.TestAdminDriverAssignment" name="test_unassign_driver_from_order" time="0.295"><skipped type="pytest.skip" message="Admin authentication failed">/app/backend/tests/test_driver_admin.py:293: Admin authentication failed</skipped></testcase><testcase classname="tests.test_driver_admin.TestAdminDriverAssignment" name="test_assign_invalid_driver" time="0.254"><skipped type="pytest.skip" message="Admin authentication failed">/app/backend/tests/test_driver_admin.py:316: Admin authentication failed</skipped></testcase><testcase classname="tests.test_driver_admin.TestAdminDriverAssignment" name="test_admin_get_single_order" time="0.260"><skipped type="pytest.skip" message="Admin authentication failed">/app/backend/tests/test_driver_admin.py:328: Admin authentication failed</skipped></testcase><testcase classname="tests.test_driver_admin.TestDriverOrderStatusUpdates" name="test_driver_can_view_assigned_order" time="0.522"><skipped type="pytest.skip" message="Admin authentication failed">/app/backend/tests/test_driver_admin.py:404: Admin authentication failed</skipped></testcase><testcase classname="tests.test_driver_admin.TestDriverOrderStatusUpdates" name="test_driver_status_transition_en_attente_to_en_preparation" time="0.515"><skipped type="pytest.skip" message="Admin authentication failed">/app/backend/tests/test_driver_admin.py:419: Admin authentication failed</skipped></testcase><testcase classname="tests.test_driver_admin.TestDriverOrderStatusUpdates" name="test_driver_full_status_flow" time="0.539"><skipped type="pytest.skip" message="Admin authentication failed">/app/backend/tests/test_driver_admin.py:433: Admin authentication failed</skipped></testcase><testcase classname="tests.test_driver_admin.TestDriverOrderStatusUpdates" name="test_driver_invalid_status_transition" time="0.517"><skipped type="pytest.skip" message="Admin authentication failed">/app/backend/tests/test_driver_admin.py:462: Admin authentication failed</skipped></testcase><testcase classname="tests.test_driver_admin.TestDriverFailureFlow" name="test_driver_mark_order_as_failed_with_reason" time="0.519"><skipped type="pytest.skip" message="Admin authentication failed">/app/backend/tests/test_driver_admin.py:541: Admin authentication failed</skipped></testcase><testcase classname="tests.test_driver_admin.TestDriverFailureFlow" name="test_driver_fail_without_reason_rejected" time="0.525"><skipped type="pytest.skip" message="Admin authentication failed">/app/backend/tests/test_driver_admin.py:556: Admin authentication failed</skipped></testcase></testsuite></testsuites>