<?xml version="1.0" encoding="utf-8"?><testsuites name="pytest tests"><testsuite name="pytest" errors="0" failures="0" skipped="0" tests="9" time="3.114" timestamp="2026-01-25T02:06:31.085099+00:00" hostname="agent-env-4e628b70-3945-4745-bac3-74d2e16b34ba"><testcase classname="backend.tests.test_cart_operations.TestCartOperations" name="test_01_get_empty_cart" time="0.413" /><testcase classname="backend.tests.test_cart_operations.TestCartOperations" name="test_02_add_item_to_cart" time="0.332" /><testcase classname="backend.tests.test_cart_operations.TestCartOperations" name="test_03_update_cart_item_quantity" time="0.325" /><testcase classname="backend.tests.test_cart_operations.TestCartOperations" name="test_04_delete_cart_item" time="0.438" /><testcase classname="backend.tests.test_cart_operations.TestCartOperations" name="test_05_delete_nonexistent_item" time="0.322" /><testcase classname="backend.tests.test_cart_operations.TestCartOperations" name="test_06_full_cart_workflow" time="0.382" /><testcase classname="backend.tests.test_cart_operations.TestCartOperations" name="test_07_add_same_item_increases_quantity" time="0.338" /><testcase classname="backend.tests.test_cart_operations.TestCartOperations" name="test_08_clear_entire_cart" time="0.363" /><testcase classname="backend.tests.test_cart_operations.TestCartWithoutAuth" name="test_cart_requires_auth" time="0.090" /></testsuite></testsuites>