<?xml version="1.0" encoding="utf-8"?><testsuites name="pytest tests"><testsuite name="pytest" errors="0" failures="0" skipped="0" tests="8" time="1.827" timestamp="2026-01-25T09:02:46.129935+00:00" hostname="agent-env-4e628b70-3945-4745-bac3-74d2e16b34ba"><testcase classname="backend.tests.test_orders.TestOrderEndpoints" name="test_get_orders_empty" time="0.419" /><testcase classname="backend.tests.test_orders.TestOrderEndpoints" name="test_get_orders_unauthorized" time="0.043" /><testcase classname="backend.tests.test_orders.TestOrderEndpoints" name="test_get_order_not_found" time="0.042" /><testcase classname="backend.tests.test_orders.TestOrderEndpoints" name="test_create_order_empty_cart" time="0.039" /><testcase classname="backend.tests.test_orders.TestFullOrderFlow" name="test_get_orders_list" time="0.426" /><testcase classname="backend.tests.test_orders.TestFullOrderFlow" name="test_get_order_details" time="0.040" /><testcase classname="backend.tests.test_orders.TestFullOrderFlow" name="test_order_status_values" time="0.076" /><testcase classname="backend.tests.test_orders.TestOrderSecurity" name="test_cannot_access_other_user_order" time="0.676" /></testsuite></testsuites>