<?xml version="1.0" encoding="utf-8"?><testsuites name="pytest tests"><testsuite name="pytest" errors="0" failures="1" skipped="0" tests="14" time="3.178" timestamp="2026-02-22T19:34:08.839102+00:00" hostname="agent-env-cde43e0e-2830-4638-9d37-acec381add17"><testcase classname="backend.tests.test_services_api.TestPublicServicesAPI" name="test_get_services_returns_200" time="0.205" /><testcase classname="backend.tests.test_services_api.TestPublicServicesAPI" name="test_get_services_returns_services_array" time="0.125" /><testcase classname="backend.tests.test_services_api.TestPublicServicesAPI" name="test_get_services_returns_only_active" time="0.144" /><testcase classname="backend.tests.test_services_api.TestPublicServicesAPI" name="test_service_has_required_fields" time="0.119" /><testcase classname="backend.tests.test_services_api.TestAdminServicesAPI" name="test_get_admin_services_requires_auth" time="0.135"><failure message="assert 403 == 401&#10; +  where 403 = &lt;Response [403]&gt;.status_code">backend/tests/test_services_api.py:102: in test_get_admin_services_requires_auth
    assert response.status_code == 401
E   assert 403 == 401
E    +  where 403 = &lt;Response [403]&gt;.status_code</failure></testcase><testcase classname="backend.tests.test_services_api.TestAdminServicesAPI" name="test_get_admin_services_returns_200" time="0.591" /><testcase classname="backend.tests.test_services_api.TestAdminServicesAPI" name="test_get_admin_services_includes_inactive" time="0.204" /><testcase classname="backend.tests.test_services_api.TestAdminServicesAPI" name="test_create_service_missing_required_fields" time="0.128" /><testcase classname="backend.tests.test_services_api.TestAdminServicesAPI" name="test_create_service_success" time="0.213" /><testcase classname="backend.tests.test_services_api.TestAdminServicesAPI" name="test_update_service_success" time="0.307" /><testcase classname="backend.tests.test_services_api.TestAdminServicesAPI" name="test_delete_service_success" time="0.225" /><testcase classname="backend.tests.test_services_api.TestAdminServicesAPI" name="test_delete_nonexistent_service_returns_404" time="0.113" /><testcase classname="backend.tests.test_services_api.TestAdminServicesAPI" name="test_update_nonexistent_service_returns_404" time="0.103" /><testcase classname="backend.tests.test_services_api.TestServiceVisibilityToggle" name="test_inactive_service_not_in_public_api" time="0.328" /></testsuite></testsuites>